Build started 28.11.2021 10:22:40.
     1>Project "d:\VisualProlog\++liraRead\robot\ak_Robot_1\ak_Robot_1\ak_Robot_1.vcxproj" on node 2 (rebuild target(s)).
     1>InitializeBuildStatus:
         Creating "Debug\ak_Robot_1.unsuccessfulbuild" because "AlwaysCreate" was specified.
       ClCompile:
         C:\Program Files (x86)\Microsoft Visual Studio 10.0\VC\bin\CL.exe /c /ZI /nologo /W3 /WX- /Od /Oy- /D WIN32 /D _DEBUG /D _WINDOWS /D _USRDLL /D AK_ROBOT_1_EXPORTS /D _WINDLL /D _UNICODE /D UNICODE /D _ATL_STATIC_REGISTRY /Gm /EHsc /RTC1 /MDd /GS /fp:precise /Zc:wchar_t /Zc:forScope /Yc"StdAfx.h" /Fp"Debug\ak_Robot_1.pch" /Fo"Debug\\" /Fd"Debug\vc100.pdb" /Gd /TP /analyze- /errorReport:prompt stdafx.cpp
         stdafx.cpp
         C:\Program Files (x86)\Microsoft Visual Studio 10.0\VC\bin\CL.exe /c /ZI /nologo /W3 /WX- /Od /Oy- /D WIN32 /D _DEBUG /D _WINDOWS /D _USRDLL /D AK_ROBOT_1_EXPORTS /D _WINDLL /D _UNICODE /D UNICODE /D _ATL_STATIC_REGISTRY /Gm /EHsc /RTC1 /MDd /GS /fp:precise /Zc:wchar_t /Zc:forScope /Yu"StdAfx.h" /Fp"Debug\ak_Robot_1.pch" /Fo"Debug\\" /Fd"Debug\vc100.pdb" /Gd /TP /analyze- /errorReport:prompt ak_Robot_1.cpp
         ak_Robot_1.cpp
     1>d:\visualprolog\++liraread\robot\ak_robot_1\ak_robot_1\ak_robot_1.cpp(9): warning C4278: 'SendMessage': identifier in type library 'c:\\Program Files\\Autodesk\\Autodesk Robot Structural Analysis Professional 2019\\System\\Exe\\robotom.tlb' is already a macro; use the 'rename' qualifier
     1>d:\visualprolog\++liraread\robot\ak_robot_1\ak_robot_1\ak_robot_1.cpp(9): warning C4278: 'SendMessage': identifier in type library 'c:\\Program Files\\Autodesk\\Autodesk Robot Structural Analysis Professional 2019\\System\\Exe\\robotom.tlb' is already a macro; use the 'rename' qualifier
     1>d:\visualprolog\++liraread\robot\ak_robot_1\ak_robot_1\ak_robot_1.cpp(9): warning C4278: 'GetMessage': identifier in type library 'c:\\Program Files\\Autodesk\\Autodesk Robot Structural Analysis Professional 2019\\System\\Exe\\robotom.tlb' is already a macro; use the 'rename' qualifier
     1>d:\visualprolog\++liraread\robot\ak_robot_1\ak_robot_1\ak_robot_1.cpp(174): warning C4244: 'argument' : conversion from 'double' to 'long', possible loss of data
     1>d:\visualprolog\++liraread\robot\ak_robot_1\ak_robot_1\ak_robot_1.cpp(175): warning C4244: 'argument' : conversion from 'double' to 'long', possible loss of data
     1>d:\visualprolog\++liraread\robot\ak_robot_1\ak_robot_1\ak_robot_1.cpp(177): warning C4244: 'argument' : conversion from 'double' to 'long', possible loss of data
     1>d:\visualprolog\++liraread\robot\ak_robot_1\ak_robot_1\ak_robot_1.cpp(181): warning C4244: 'argument' : conversion from 'double' to 'long', possible loss of data
     1>d:\visualprolog\++liraread\robot\ak_robot_1\ak_robot_1\ak_robot_1.cpp(185): warning C4244: 'argument' : conversion from 'double' to 'long', possible loss of data
     1>d:\visualprolog\++liraread\robot\ak_robot_1\ak_robot_1\ak_robot_1.cpp(189): warning C4244: 'argument' : conversion from 'double' to 'long', possible loss of data
         C:\Program Files (x86)\Microsoft Visual Studio 10.0\VC\bin\CL.exe /c /ZI /nologo /W3 /WX- /Od /Oy- /D WIN32 /D _DEBUG /D _WINDOWS /D _USRDLL /D AK_ROBOT_1_EXPORTS /D _WINDLL /D _UNICODE /D UNICODE /D _ATL_STATIC_REGISTRY /Gm /EHsc /RTC1 /MDd /GS /fp:precise /Zc:wchar_t /Zc:forScope /Fo"Debug\\" /Fd"Debug\vc100.pdb" /Gd /TP /analyze- /errorReport:prompt dllmain.cpp
         dllmain.cpp
       ManifestResourceCompile:
         C:\Program Files (x86)\Microsoft SDKs\Windows\v7.0A\bin\rc.exe /nologo /fo"Debug\ak_Robot_1.dll.embed.manifest.res" Debug\ak_Robot_1_manifest.rc 
       Link:
         C:\Program Files (x86)\Microsoft Visual Studio 10.0\VC\bin\link.exe /ERRORREPORT:PROMPT /OUT:"D:\VisualProlog\++liraRead\robot\ak_Robot_1\Debug\ak_Robot_1.dll" /INCREMENTAL /NOLOGO kernel32.lib user32.lib gdi32.lib winspool.lib comdlg32.lib advapi32.lib shell32.lib ole32.lib oleaut32.lib uuid.lib odbc32.lib odbccp32.lib /MANIFEST /ManifestFile:"Debug\ak_Robot_1.dll.intermediate.manifest" /MANIFESTUAC:"level='asInvoker' uiAccess='false'" /DEBUG /PDB:"D:\VisualProlog\++liraRead\robot\ak_Robot_1\Debug\ak_Robot_1.pdb" /SUBSYSTEM:WINDOWS /TLBID:1 /DYNAMICBASE /NXCOMPAT /IMPLIB:"D:\VisualProlog\++liraRead\robot\ak_Robot_1\Debug\ak_Robot_1.lib" /MACHINE:X86 /DLL Debug\ak_Robot_1.dll.embed.manifest.res
         Debug\ak_Robot_1.obj
         Debug\dllmain.obj
         Debug\stdafx.obj
            Creating library D:\VisualProlog\++liraRead\robot\ak_Robot_1\Debug\ak_Robot_1.lib and object D:\VisualProlog\++liraRead\robot\ak_Robot_1\Debug\ak_Robot_1.exp
       Manifest:
         Deleting file "Debug\ak_Robot_1.dll.embed.manifest".
         C:\Program Files (x86)\Microsoft SDKs\Windows\v7.0A\bin\mt.exe /nologo /verbose /out:"Debug\ak_Robot_1.dll.embed.manifest" /manifest Debug\ak_Robot_1.dll.intermediate.manifest
         C:\Program Files (x86)\Microsoft SDKs\Windows\v7.0A\bin\rc.exe /nologo /fo"Debug\ak_Robot_1.dll.embed.manifest.res" Debug\ak_Robot_1_manifest.rc 
       LinkEmbedManifest:
         C:\Program Files (x86)\Microsoft Visual Studio 10.0\VC\bin\link.exe /ERRORREPORT:PROMPT /OUT:"D:\VisualProlog\++liraRead\robot\ak_Robot_1\Debug\ak_Robot_1.dll" /INCREMENTAL /NOLOGO kernel32.lib user32.lib gdi32.lib winspool.lib comdlg32.lib advapi32.lib shell32.lib ole32.lib oleaut32.lib uuid.lib odbc32.lib odbccp32.lib /MANIFEST /ManifestFile:"Debug\ak_Robot_1.dll.intermediate.manifest" /MANIFESTUAC:"level='asInvoker' uiAccess='false'" /DEBUG /PDB:"D:\VisualProlog\++liraRead\robot\ak_Robot_1\Debug\ak_Robot_1.pdb" /SUBSYSTEM:WINDOWS /TLBID:1 /DYNAMICBASE /NXCOMPAT /IMPLIB:"D:\VisualProlog\++liraRead\robot\ak_Robot_1\Debug\ak_Robot_1.lib" /MACHINE:X86 /DLL Debug\ak_Robot_1.dll.embed.manifest.res
         Debug\ak_Robot_1.obj
         Debug\dllmain.obj
         Debug\stdafx.obj
            Creating library D:\VisualProlog\++liraRead\robot\ak_Robot_1\Debug\ak_Robot_1.lib and object D:\VisualProlog\++liraRead\robot\ak_Robot_1\Debug\ak_Robot_1.exp
         ak_Robot_1.vcxproj -> D:\VisualProlog\++liraRead\robot\ak_Robot_1\Debug\ak_Robot_1.dll
       FinalizeBuildStatus:
         Deleting file "Debug\ak_Robot_1.unsuccessfulbuild".
         Touching "Debug\ak_Robot_1.lastbuildstate".
     1>Done Building Project "d:\VisualProlog\++liraRead\robot\ak_Robot_1\ak_Robot_1\ak_Robot_1.vcxproj" (rebuild target(s)).

Build succeeded.

Time Elapsed 00:00:08.86
