d:\VisualProlog\++liraRead\robot\ak_Robot_1\ak_Robot_1\Debug\ak_Robot_1.dll.embed.manifest
d:\VisualProlog\++liraRead\robot\ak_Robot_1\ak_Robot_1\Debug\ak_Robot_1.dll.embed.manifest.res
d:\VisualProlog\++liraRead\robot\ak_Robot_1\ak_Robot_1\Debug\ak_Robot_1.dll.intermediate.manifest
d:\VisualProlog\++liraRead\robot\ak_Robot_1\ak_Robot_1\Debug\ak_Robot_1.obj
d:\VisualProlog\++liraRead\robot\ak_Robot_1\ak_Robot_1\Debug\ak_Robot_1.pch
d:\VisualProlog\++liraRead\robot\ak_Robot_1\ak_Robot_1\Debug\ak_Robot_1_manifest.rc
d:\VisualProlog\++liraRead\robot\ak_Robot_1\ak_Robot_1\Debug\cl.command.1.tlog
d:\VisualProlog\++liraRead\robot\ak_Robot_1\ak_Robot_1\Debug\CL.read.1.tlog
d:\VisualProlog\++liraRead\robot\ak_Robot_1\ak_Robot_1\Debug\CL.write.1.tlog
d:\VisualProlog\++liraRead\robot\ak_Robot_1\ak_Robot_1\Debug\dllmain.obj
d:\VisualProlog\++liraRead\robot\ak_Robot_1\ak_Robot_1\Debug\link.9212.read.1.tlog
d:\VisualProlog\++liraRead\robot\ak_Robot_1\ak_Robot_1\Debug\link.9212.write.1.tlog
d:\VisualProlog\++liraRead\robot\ak_Robot_1\ak_Robot_1\Debug\link.9212-cvtres.read.1.tlog
d:\VisualProlog\++liraRead\robot\ak_Robot_1\ak_Robot_1\Debug\link.9212-cvtres.write.1.tlog
d:\VisualProlog\++liraRead\robot\ak_Robot_1\ak_Robot_1\Debug\link.command.1.tlog
d:\VisualProlog\++liraRead\robot\ak_Robot_1\ak_Robot_1\Debug\link.read.1.tlog
d:\VisualProlog\++liraRead\robot\ak_Robot_1\ak_Robot_1\Debug\link.write.1.tlog
d:\VisualProlog\++liraRead\robot\ak_Robot_1\ak_Robot_1\Debug\link-cvtres.read.1.tlog
d:\VisualProlog\++liraRead\robot\ak_Robot_1\ak_Robot_1\Debug\link-cvtres.write.1.tlog
d:\VisualProlog\++liraRead\robot\ak_Robot_1\ak_Robot_1\Debug\mt.command.1.tlog
d:\VisualProlog\++liraRead\robot\ak_Robot_1\ak_Robot_1\Debug\mt.read.1.tlog
d:\VisualProlog\++liraRead\robot\ak_Robot_1\ak_Robot_1\Debug\mt.write.1.tlog
d:\VisualProlog\++liraRead\robot\ak_Robot_1\ak_Robot_1\Debug\rc.command.1.tlog
d:\VisualProlog\++liraRead\robot\ak_Robot_1\ak_Robot_1\Debug\rc.read.1.tlog
d:\VisualProlog\++liraRead\robot\ak_Robot_1\ak_Robot_1\Debug\rc.write.1.tlog
d:\VisualProlog\++liraRead\robot\ak_Robot_1\ak_Robot_1\Debug\robotom.tlh
d:\VisualProlog\++liraRead\robot\ak_Robot_1\ak_Robot_1\Debug\robotom.tli
d:\VisualProlog\++liraRead\robot\ak_Robot_1\ak_Robot_1\Debug\stdafx.obj
d:\VisualProlog\++liraRead\robot\ak_Robot_1\ak_Robot_1\Debug\vc100.idb
d:\VisualProlog\++liraRead\robot\ak_Robot_1\ak_Robot_1\Debug\vc100.pdb
D:\VisualProlog\++liraRead\robot\ak_Robot_1\Debug\ak_Robot_1.dll
D:\VisualProlog\++liraRead\robot\ak_Robot_1\Debug\ak_Robot_1.ilk
D:\VisualProlog\++liraRead\robot\ak_Robot_1\Debug\ak_Robot_1.pdb
G:\VISUAL PROLOG PROJECTS\++LIRAREAD\ROBOT\AK_ROBOT_1\AK_ROBOT_1\DEBUG\AK_ROBOT_1.DLL.EMBED.MANIFEST
G:\VISUAL PROLOG PROJECTS\++LIRAREAD\ROBOT\AK_ROBOT_1\AK_ROBOT_1\DEBUG\AK_ROBOT_1.DLL.EMBED.MANIFEST.RES
G:\VISUAL PROLOG PROJECTS\++LIRAREAD\ROBOT\AK_ROBOT_1\AK_ROBOT_1\DEBUG\AK_ROBOT_1.DLL.INTERMEDIATE.MANIFEST
G:\VISUAL PROLOG PROJECTS\++LIRAREAD\ROBOT\AK_ROBOT_1\AK_ROBOT_1\DEBUG\AK_ROBOT_1.OBJ
G:\VISUAL PROLOG PROJECTS\++LIRAREAD\ROBOT\AK_ROBOT_1\AK_ROBOT_1\DEBUG\AK_ROBOT_1.PCH
G:\VISUAL PROLOG PROJECTS\++LIRAREAD\ROBOT\AK_ROBOT_1\AK_ROBOT_1\DEBUG\DLLMAIN.OBJ
G:\VISUAL PROLOG PROJECTS\++LIRAREAD\ROBOT\AK_ROBOT_1\AK_ROBOT_1\DEBUG\STDAFX.OBJ
G:\VISUAL PROLOG PROJECTS\++LIRAREAD\ROBOT\AK_ROBOT_1\AK_ROBOT_1\DEBUG\VC100.PDB
G:\VISUAL PROLOG PROJECTS\++LIRAREAD\ROBOT\AK_ROBOT_1\DEBUG\AK_ROBOT_1.DLL
G:\VISUAL PROLOG PROJECTS\++LIRAREAD\ROBOT\AK_ROBOT_1\DEBUG\AK_ROBOT_1.ILK
G:\VISUAL PROLOG PROJECTS\++LIRAREAD\ROBOT\AK_ROBOT_1\DEBUG\AK_ROBOT_1.PDB
